<?xml version="1.0" encoding="UTF-8"?>
<!-- Generated by org.testng.reporters.JUnitXMLReporter -->
<testsuite hostname="water" name="templete test class" tests="1" failures="0" timestamp="21 Feb 2017 04:55:56 GMT" time="0.014" errors="0">
  <testcase name="@BeforeTest beforeTest" time="0.0" classname="com.test.testcase.sample.TestTempleteTestCase">
    <failure type="org.testng.TestNGException" message="
Method beforeTest requires 1 parameters but 2 were supplied in the @Configuration annotation.">
      <![CDATA[org.testng.TestNGException: 
Method beforeTest requires 1 parameters but 2 were supplied in the @Configuration annotation.
	at org.testng.internal.Parameters.checkParameterTypes(Parameters.java:198)
	at org.testng.internal.Parameters.createParameters(Parameters.java:134)
	at org.testng.internal.Parameters.createParameters(Parameters.java:358)
	at org.testng.internal.Parameters.createConfigurationParameters(Parameters.java:86)
	at org.testng.internal.Invoker.invokeConfigurations(Invoker.java:199)
	at org.testng.internal.Invoker.invokeConfigurations(Invoker.java:138)
	at org.testng.TestRunner.beforeRun(TestRunner.java:641)
	at org.testng.TestRunner.run(TestRunner.java:609)
	at org.testng.SuiteRunner.runTest(SuiteRunner.java:335)
	at org.testng.SuiteRunner.access$000(SuiteRunner.java:37)
	at org.testng.SuiteRunner$SuiteWorker.run(SuiteRunner.java:369)
	at org.testng.internal.thread.ThreadUtil$2.call(ThreadUtil.java:64)
	at java.util.concurrent.FutureTask$Sync.innerRun(FutureTask.java:334)
	at java.util.concurrent.FutureTask.run(FutureTask.java:166)
	at java.util.concurrent.ThreadPoolExecutor.runWorker(ThreadPoolExecutor.java:1145)
	at java.util.concurrent.ThreadPoolExecutor$Worker.run(ThreadPoolExecutor.java:615)
	at java.lang.Thread.run(Thread.java:722)
]]>
    </failure>
  </testcase> <!-- @BeforeTest beforeTest -->
  <testcase name="@AfterTest afterTest" time="0.0" classname="com.test.testcase.sample.TestTempleteTestCase">
    <skipped/>
  </testcase> <!-- @AfterTest afterTest -->
  <testcase name="testLogin" time="0.006" classname="com.test.testcase.sample.TestTempleteTestCase">
    <skipped/>
  </testcase> <!-- testLogin -->
</testsuite> <!-- templete test class -->
